<?xml version="1.0" encoding="UTF-8"?>
<testExecutions version="1">
  <file path="C:\Users\seosal\source\repos\Koralium\new\Koralium\typescript-client\json\tests\client.test.ts">
    <testCase name="Get orders" duration="821"/>
    <testCase name="Get secure data" duration="160"/>
    <testCase name="Test limit" duration="29"/>
    <testCase name="Test limit with parameter" duration="16"/>
    <testCase name="filter on date in parameter" duration="411"/>
    <testCase name="select single field" duration="126"/>
    <testCase name="query scalar count" duration="16"/>
  </file>
</testExecutions>