<?xml version="1.0" encoding="UTF-8"?>
<testExecutions version="1">
  <file path="C:\Users\seosal\source\repos\Koralium\new\Koralium\typescript-client\rowlevelsecurity\tests\client.test.ts">
    <testCase name="Get filter no table alias" duration="18"/>
    <testCase name="Get filter with table alias" duration="14"/>
    <testCase name="Get filter unauthorized" duration="2"/>
    <testCase name="Get cubejs filter" duration="42"/>
  </file>
  <file path="C:\Users\seosal\source\repos\Koralium\new\Koralium\typescript-client\rowlevelsecurity\tests\koraliumCubeJsQueryTransformer.test.ts">
    <testCase name="Add filters to query" duration="19"/>
    <testCase name="Test cache" duration="8"/>
    <testCase name="Test multiple dimensions from same cube" duration="7"/>
  </file>
</testExecutions>