<?xml version="1.0" encoding="UTF-8"?>
<testExecutions version="1">
  <file path="C:\Users\seosal\source\repos\Koralium\new\Koralium\typescript-client\arrow\tests\apolloserverintegration.test.ts">
    <testCase name="Can fetch data" duration="456"/>
  </file>
  <file path="C:\Users\seosal\source\repos\Koralium\new\Koralium\typescript-client\arrow\tests\arrowclient.test.ts">
    <testCase name="Get orders" duration="2006"/>
    <testCase name="Get secure data" duration="529"/>
    <testCase name="Test limit" duration="31"/>
    <testCase name="Test limit with parameter" duration="27"/>
    <testCase name="filter on date in parameter" duration="1393"/>
    <testCase name="select single field" duration="897"/>
    <testCase name="query scalar count" duration="25"/>
    <testCase name="bool value" duration="20"/>
    <testCase name="bool value nullable" duration="5"/>
    <testCase name="double value" duration="5"/>
    <testCase name="double value nullable" duration="7"/>
    <testCase name="double value nullable" duration="9"/>
    <testCase name="date time" duration="46"/>
    <testCase name="date time nullable" duration="6"/>
    <testCase name="Long value" duration="6"/>
    <testCase name="Long value nullable" duration="11"/>
    <testCase name="String Value" duration="47"/>
    <testCase name="Int List Value" duration="9"/>
    <testCase name="Test object value" duration="10"/>
  </file>
</testExecutions>