<?xml version="1.0" encoding="UTF-8"?>
<testExecutions version="1">
  <file path="C:\Users\seosal\source\repos\Koralium\new\Koralium\typescript-client\arrow\tests\apolloserverintegration.test.ts">
    <testCase name="Can fetch decimal data" duration="661"/>
  </file>
  <file path="C:\Users\seosal\source\repos\Koralium\new\Koralium\typescript-client\arrow\tests\arrowclient.test.ts">
    <testCase name="Get orders" duration="2815"/>
    <testCase name="Get secure data" duration="313"/>
    <testCase name="Test limit" duration="37"/>
    <testCase name="Test limit with parameter" duration="26"/>
    <testCase name="filter on date in parameter" duration="1854"/>
    <testCase name="select single field" duration="1334"/>
    <testCase name="query scalar count" duration="20"/>
    <testCase name="bool value" duration="24"/>
    <testCase name="bool value nullable" duration="8"/>
    <testCase name="double value" duration="6"/>
    <testCase name="double value nullable" duration="6"/>
    <testCase name="double value nullable" duration="48"/>
    <testCase name="date time" duration="5"/>
    <testCase name="date time nullable" duration="6"/>
    <testCase name="Long value" duration="5"/>
    <testCase name="Long value nullable" duration="6"/>
    <testCase name="String Value" duration="50"/>
    <testCase name="Int List Value" duration="9"/>
    <testCase name="Test object value" duration="13"/>
    <testCase name="Decimal Value" duration="12"/>
  </file>
</testExecutions>