<?xml version="1.0" encoding="UTF-8"?>
<testExecutions version="1">
  <file path="C:\Users\seosal\source\repos\Koralium\Koralium\typescript-client\tests\queryBuilder.test.ts">
    <testCase name="count with filter" duration="3"/>
    <testCase name="Select same column" duration="1"/>
    <testCase name="Select with limit and offset" duration="0"/>
    <testCase name="Select multiple columns, filter, limit, offset" duration="1"/>
    <testCase name="Object mapper" duration="0"/>
    <testCase name="Object mapper, missing mapping" duration="0"/>
    <testCase name="Filter builder equals" duration="1"/>
    <testCase name="test in predicate for numbers" duration="1"/>
    <testCase name="test in predicate for strings" duration="0"/>
    <testCase name="Order by with object ascending" duration="0"/>
    <testCase name="Order by with object descending" duration="0"/>
    <testCase name="Empty filter string" duration="1"/>
    <testCase name="Empty filter object" duration="0"/>
  </file>
  <file path="C:\Users\seosal\source\repos\Koralium\Koralium\typescript-client\tests\client.test.ts">
    <testCase name="Get orders" duration="815"/>
    <testCase name="Get secure data" duration="632"/>
    <testCase name="Test limit" duration="48"/>
    <testCase name="Test limit with parameter" duration="14"/>
    <testCase name="filter on date in parameter" duration="409"/>
    <testCase name="select single field" duration="112"/>
  </file>
</testExecutions>