<?xml version="1.0" encoding="UTF-8"?>
<testExecutions version="1">
  <file path="C:\Users\seosal\source\repos\Koralium\Koralium\typescript-client\tests\queryBuilder.test.ts">
    <testCase name="count with filter" duration="3"/>
    <testCase name="Select same column" duration="0"/>
    <testCase name="Select with limit and offset" duration="0"/>
    <testCase name="Select multiple columns, filter, limit, offset" duration="0"/>
    <testCase name="Object mapper" duration="1"/>
    <testCase name="Object mapper, missing mapping" duration="0"/>
    <testCase name="Filter builder equals" duration="8"/>
  </file>
  <file path="C:\Users\seosal\source\repos\Koralium\Koralium\typescript-client\tests\client.test.ts">
    <testCase name="Get orders" duration="905"/>
    <testCase name="Get secure data" duration="556"/>
    <testCase name="Test limit" duration="45"/>
    <testCase name="Test limit with parameter" duration="15"/>
    <testCase name="filter on date in parameter" duration="408"/>
    <testCase name="select single field" duration="126"/>
  </file>
</testExecutions>